<?xml version="1.0" encoding="UTF-8"?>
<testsuite xmlns:xsi="http://www.w3.org/2001/XMLSchema-instance" xsi:noNamespaceSchemaLocation="https://maven.apache.org/surefire/maven-surefire-plugin/xsd/surefire-test-report.xsd" name="dev.gisela.TollStationTest" time="0.007" tests="4" errors="0" skipped="0" failures="4">
  <properties>
    <property name="java.specification.version" value="21"/>
    <property name="sun.jnu.encoding" value="UTF-8"/>
    <property name="java.class.path" value="/Users/giselasoledadhurtado/bootcampf5/backend/proyectos-individuales-backend/peaje_y_vehiculos/target/test-classes:/Users/giselasoledadhurtado/bootcampf5/backend/proyectos-individuales-backend/peaje_y_vehiculos/target/classes:/Users/giselasoledadhurtado/.m2/repository/org/junit/jupiter/junit-jupiter-api/5.9.1/junit-jupiter-api-5.9.1.jar:/Users/giselasoledadhurtado/.m2/repository/org/opentest4j/opentest4j/1.2.0/opentest4j-1.2.0.jar:/Users/giselasoledadhurtado/.m2/repository/org/junit/platform/junit-platform-commons/1.9.1/junit-platform-commons-1.9.1.jar:/Users/giselasoledadhurtado/.m2/repository/org/apiguardian/apiguardian-api/1.1.2/apiguardian-api-1.1.2.jar:/Users/giselasoledadhurtado/.m2/repository/org/hamcrest/hamcrest/2.2/hamcrest-2.2.jar:/Users/giselasoledadhurtado/.m2/repository/org/mockito/mockito-core/4.0.0/mockito-core-4.0.0.jar:/Users/giselasoledadhurtado/.m2/repository/net/bytebuddy/byte-buddy/1.11.19/byte-buddy-1.11.19.jar:/Users/giselasoledadhurtado/.m2/repository/net/bytebuddy/byte-buddy-agent/1.11.19/byte-buddy-agent-1.11.19.jar:/Users/giselasoledadhurtado/.m2/repository/org/objenesis/objenesis/3.2/objenesis-3.2.jar:"/>
    <property name="java.vm.vendor" value="Oracle Corporation"/>
    <property name="sun.arch.data.model" value="64"/>
    <property name="java.vendor.url" value="https://java.oracle.com/"/>
    <property name="os.name" value="Mac OS X"/>
    <property name="java.vm.specification.version" value="21"/>
    <property name="user.country" value="419"/>
    <property name="sun.java.launcher" value="SUN_STANDARD"/>
    <property name="sun.boot.library.path" value="/Users/giselasoledadhurtado/bootcampf5/bootcamp_Aplicaciones/OpenJDK-21.jdk/Contents/Home/lib"/>
    <property name="sun.java.command" value="/Users/giselasoledadhurtado/bootcampf5/backend/proyectos-individuales-backend/peaje_y_vehiculos/target/surefire/surefirebooter4017038125965153989.jar /Users/giselasoledadhurtado/bootcampf5/backend/proyectos-individuales-backend/peaje_y_vehiculos/target/surefire 2024-09-03T19-38-57_066-jvmRun1 surefire9362112099680144571tmp surefire_01493264648532374747tmp"/>
    <property name="http.nonProxyHosts" value="local|*.local|169.254/16|*.169.254/16"/>
    <property name="jdk.debug" value="release"/>
    <property name="test" value="dev.gisela.TollStationTest"/>
    <property name="surefire.test.class.path" value="/Users/giselasoledadhurtado/bootcampf5/backend/proyectos-individuales-backend/peaje_y_vehiculos/target/test-classes:/Users/giselasoledadhurtado/bootcampf5/backend/proyectos-individuales-backend/peaje_y_vehiculos/target/classes:/Users/giselasoledadhurtado/.m2/repository/org/junit/jupiter/junit-jupiter-api/5.9.1/junit-jupiter-api-5.9.1.jar:/Users/giselasoledadhurtado/.m2/repository/org/opentest4j/opentest4j/1.2.0/opentest4j-1.2.0.jar:/Users/giselasoledadhurtado/.m2/repository/org/junit/platform/junit-platform-commons/1.9.1/junit-platform-commons-1.9.1.jar:/Users/giselasoledadhurtado/.m2/repository/org/apiguardian/apiguardian-api/1.1.2/apiguardian-api-1.1.2.jar:/Users/giselasoledadhurtado/.m2/repository/org/hamcrest/hamcrest/2.2/hamcrest-2.2.jar:/Users/giselasoledadhurtado/.m2/repository/org/mockito/mockito-core/4.0.0/mockito-core-4.0.0.jar:/Users/giselasoledadhurtado/.m2/repository/net/bytebuddy/byte-buddy/1.11.19/byte-buddy-1.11.19.jar:/Users/giselasoledadhurtado/.m2/repository/net/bytebuddy/byte-buddy-agent/1.11.19/byte-buddy-agent-1.11.19.jar:/Users/giselasoledadhurtado/.m2/repository/org/objenesis/objenesis/3.2/objenesis-3.2.jar:"/>
    <property name="sun.cpu.endian" value="little"/>
    <property name="user.home" value="/Users/giselasoledadhurtado"/>
    <property name="user.language" value="es"/>
    <property name="java.specification.vendor" value="Oracle Corporation"/>
    <property name="java.version.date" value="2024-01-16"/>
    <property name="java.home" value="/Users/giselasoledadhurtado/bootcampf5/bootcamp_Aplicaciones/OpenJDK-21.jdk/Contents/Home"/>
    <property name="file.separator" value="/"/>
    <property name="basedir" value="/Users/giselasoledadhurtado/bootcampf5/backend/proyectos-individuales-backend/peaje_y_vehiculos"/>
    <property name="java.vm.compressedOopsMode" value="Zero based"/>
    <property name="line.separator" value="&#10;"/>
    <property name="java.vm.specification.vendor" value="Oracle Corporation"/>
    <property name="java.specification.name" value="Java Platform API Specification"/>
    <property name="apple.awt.application.name" value="ForkedBooter"/>
    <property name="surefire.real.class.path" value="/Users/giselasoledadhurtado/bootcampf5/backend/proyectos-individuales-backend/peaje_y_vehiculos/target/surefire/surefirebooter4017038125965153989.jar"/>
    <property name="sun.management.compiler" value="HotSpot 64-Bit Tiered Compilers"/>
    <property name="ftp.nonProxyHosts" value="local|*.local|169.254/16|*.169.254/16"/>
    <property name="java.runtime.version" value="21.0.2+13-58"/>
    <property name="user.name" value="giselasoledadhurtado"/>
    <property name="stdout.encoding" value="UTF-8"/>
    <property name="path.separator" value=":"/>
    <property name="os.version" value="14.6.1"/>
    <property name="java.runtime.name" value="OpenJDK Runtime Environment"/>
    <property name="file.encoding" value="UTF-8"/>
    <property name="java.vm.name" value="OpenJDK 64-Bit Server VM"/>
    <property name="maven.ext.class.path" value="/Users/giselasoledadhurtado/.vscode/extensions/oracle.oracle-java-22.1.1/nbcode/java/maven-nblib/netbeans-eventspy.jar"/>
    <property name="localRepository" value="/Users/giselasoledadhurtado/.m2/repository"/>
    <property name="java.vendor.url.bug" value="https://bugreport.java.com/bugreport/"/>
    <property name="java.io.tmpdir" value="/var/folders/6q/rfk2g2rj7f3c_dhh0shnzqjh0000gn/T/"/>
    <property name="java.version" value="21.0.2"/>
    <property name="user.dir" value="/Users/giselasoledadhurtado/bootcampf5/backend/proyectos-individuales-backend/peaje_y_vehiculos"/>
    <property name="os.arch" value="aarch64"/>
    <property name="java.vm.specification.name" value="Java Virtual Machine Specification"/>
    <property name="native.encoding" value="UTF-8"/>
    <property name="java.library.path" value="/Users/giselasoledadhurtado/Library/Java/Extensions:/Library/Java/Extensions:/Network/Library/Java/Extensions:/System/Library/Java/Extensions:/usr/lib/java:."/>
    <property name="java.vm.info" value="mixed mode, sharing"/>
    <property name="stderr.encoding" value="UTF-8"/>
    <property name="java.vendor" value="Oracle Corporation"/>
    <property name="java.vm.version" value="21.0.2+13-58"/>
    <property name="sun.io.unicode.encoding" value="UnicodeBig"/>
    <property name="socksNonProxyHosts" value="local|*.local|169.254/16|*.169.254/16"/>
    <property name="java.class.version" value="65.0"/>
  </properties>
  <testcase name="dev.gisela.TollStationTest.testRegisterCar" classname="dev.gisela.TollStationTest" time="0.001">
    <failure message="Cannot invoke &quot;dev.gisela.TollStation.registerVehicle(dev.gisela.Vehicle)&quot; because &quot;this.tollStation&quot; is null" type="java.lang.NullPointerException">java.lang.NullPointerException: Cannot invoke "dev.gisela.TollStation.registerVehicle(dev.gisela.Vehicle)" because "this.tollStation" is null
	at dev.gisela.TollStationTest.testRegisterCar(TollStationTest.java:21)
</failure>
  </testcase>
  <testcase name="dev.gisela.TollStationTest.testRegisterMotorcycle" classname="dev.gisela.TollStationTest" time="0">
    <failure message="Cannot invoke &quot;dev.gisela.TollStation.registerVehicle(dev.gisela.Vehicle)&quot; because &quot;this.tollStation&quot; is null" type="java.lang.NullPointerException">java.lang.NullPointerException: Cannot invoke "dev.gisela.TollStation.registerVehicle(dev.gisela.Vehicle)" because "this.tollStation" is null
	at dev.gisela.TollStationTest.testRegisterMotorcycle(TollStationTest.java:30)
</failure>
  </testcase>
  <testcase name="dev.gisela.TollStationTest.testRegisterTruck" classname="dev.gisela.TollStationTest" time="0.002">
    <failure message="Cannot invoke &quot;dev.gisela.TollStation.registerVehicle(dev.gisela.Vehicle)&quot; because &quot;this.tollStation&quot; is null" type="java.lang.NullPointerException">java.lang.NullPointerException: Cannot invoke "dev.gisela.TollStation.registerVehicle(dev.gisela.Vehicle)" because "this.tollStation" is null
	at dev.gisela.TollStationTest.testRegisterTruck(TollStationTest.java:39)
</failure>
  </testcase>
  <testcase name="dev.gisela.TollStationTest.testTotalCollected" classname="dev.gisela.TollStationTest" time="0.001">
    <failure message="Cannot invoke &quot;dev.gisela.TollStation.registerVehicle(dev.gisela.Vehicle)&quot; because &quot;this.tollStation&quot; is null" type="java.lang.NullPointerException">java.lang.NullPointerException: Cannot invoke "dev.gisela.TollStation.registerVehicle(dev.gisela.Vehicle)" because "this.tollStation" is null
	at dev.gisela.TollStationTest.testTotalCollected(TollStationTest.java:51)
</failure>
  </testcase>
</testsuite>